<?xml version="1.0" encoding="UTF-8"?>
<!-- Generated by org.testng.reporters.JUnitReportReporter -->
<testsuite skipped="0" hostname="DESKTOP-4AOPR23" name="Tests.testsNG_Tets" tests="1" failures="0" timestamp="16 Oct 2017 03:22:16 GMT" time="0.051" errors="0">
  <testcase name="demo_Test_QA" time="0.051" classname="Tests.testsNG_Tets"/>
</testsuite> <!-- Tests.testsNG_Tets -->
