<?xml version="1.0" encoding="UTF-8"?>
<!-- Generated by org.testng.reporters.JUnitReportReporter -->
<testsuite skipped="0" hostname="DESKTOP-4AOPR23" name="BasePage" tests="1" failures="0" timestamp="16 Oct 2017 03:50:17 GMT" time="0.013" errors="0">
  <testcase name="f" time="0.013" classname="BasePage"/>
</testsuite> <!-- BasePage -->
